<?xml version="1.0" encoding="UTF-8"?>
<!-- Generated by org.testng.reporters.JUnitXMLReporter -->
<testsuite hostname="S-23" ignored="0" name="Test" tests="12" failures="3" timestamp="2019-10-04T16:02:01 IST" time="416.251" errors="0">
  <testcase name="LoggedIn_AmilFreight" time="2.707" classname="testcases_Amil.AMF001TC_PostLoad_Alerts"/>
  <testcase name="PostLoad_OverviewAlerts" time="55.047" classname="testcases_Amil.AMF001TC_PostLoad_Alerts"/>
  <testcase name="PostLoad_AddPickUpAlert" time="15.729" classname="testcases_Amil.AMF001TC_PostLoad_Alerts"/>
  <testcase name="PostLoad_AddDropAlert" time="14.44" classname="testcases_Amil.AMF001TC_PostLoad_Alerts"/>
  <testcase name="PostLoad_AddImageAlert" time="5.181" classname="testcases_Amil.AMF001TC_PostLoad_Alerts"/>
  <testcase name="PostLoad_AddReferenceAlert" time="12.608" classname="testcases_Amil.AMF001TC_PostLoad_Alerts"/>
  <testcase name="LoggedOut_AmilFreight" time="9.646" classname="testcases_Amil.AMF001TC_PostLoad_Alerts"/>
  <testcase name="LoggedIn_AmilFreight" time="2.756" classname="testcases_Amil.AMF002TC_Post2OpenLoad"/>
  <testcase name="PostLoad_toOpenStatus" time="109.305" classname="testcases_Amil.AMF002TC_Post2OpenLoad">
    <failure type="java.lang.NullPointerException">
      <![CDATA[java.lang.NullPointerException
at mailReceipents.Mail_Recipents.PostLoad_ShipmentGUID(Mail_Recipents.java:172)
at testcases_Amil.AMF002TC_Post2OpenLoad.PostLoad_toOpenStatus(AMF002TC_Post2OpenLoad.java:50)
at java.util.ArrayList.forEach(ArrayList.java:1257)
... Removed 27 stack frames]]>
    </failure>
  </testcase> <!-- PostLoad_toOpenStatus -->
  <testcase name="EmailReceipent_List" time="116.162" classname="testcases_Amil.AMF002TC_Post2OpenLoad">
    <failure type="java.lang.NullPointerException">
      <![CDATA[java.lang.NullPointerException
at org.openqa.selenium.remote.RemoteWebDriver.findElements(RemoteWebDriver.java:386)
at org.openqa.selenium.remote.RemoteWebDriver.findElementsByXPath(RemoteWebDriver.java:453)
at org.openqa.selenium.By$ByXPath.findElements(By.java:352)
at org.openqa.selenium.remote.RemoteWebDriver.findElements(RemoteWebDriver.java:340)
at mailReceipents.Email_ReceipentsList.Verification(Email_ReceipentsList.java:146)
at testcases_Amil.AMF002TC_Post2OpenLoad.EmailReceipent_List(AMF002TC_Post2OpenLoad.java:58)
at java.util.ArrayList.forEach(ArrayList.java:1257)
... Removed 27 stack frames]]>
    </failure>
  </testcase> <!-- EmailReceipent_List -->
  <testcase name="MailQuote_AmountVerify" time="15.33" classname="testcases_Amil.AMF002TC_Post2OpenLoad">
    <failure type="java.lang.NullPointerException">
      <![CDATA[java.lang.NullPointerException
at mailReceipents.Quote_EmailAmount.Verification(Quote_EmailAmount.java:33)
at testcases_Amil.AMF002TC_Post2OpenLoad.MailQuote_AmountVerify(AMF002TC_Post2OpenLoad.java:67)
at java.util.ArrayList.forEach(ArrayList.java:1257)
... Removed 27 stack frames]]>
    </failure>
  </testcase> <!-- MailQuote_AmountVerify -->
  <testcase name="LoggedOut_AmilFreight" time="10.933" classname="testcases_Amil.AMF002TC_Post2OpenLoad"/>
</testsuite> <!-- Test -->
