<?xml version="1.0" encoding="UTF-8"?>
<!-- Generated by org.testng.reporters.JUnitXMLReporter -->
<testsuite hostname="S-23" ignored="0" name="Test" tests="18" failures="1" timestamp="2020-02-17T12:14:59 IST" time="264.235" errors="0">
  <testcase name="LoggedIn_AmilFreight" time="0.003" classname="load_Board.LoadBoard_TestCase"/>
  <testcase name="Navigation_AmilFreight" time="0.0" classname="load_Board.LoadBoard_TestCase"/>
  <testcase name="LoadBoardAmilFreight" time="57.805" classname="load_Board.LoadBoard_TestCase"/>
  <testcase name="LoggedIn_AmilFreight" time="0.0" classname="zUsed_Classes.AMF002TC_Post2OpenLoad"/>
  <testcase name="PostLoad_toOpenStatus" time="0.001" classname="zUsed_Classes.AMF002TC_Post2OpenLoad"/>
  <testcase name="EmailReceipent_List" time="0.001" classname="zUsed_Classes.AMF002TC_Post2OpenLoad"/>
  <testcase name="MailQuote_AmountVerify" time="0.0" classname="zUsed_Classes.AMF002TC_Post2OpenLoad"/>
  <testcase name="LoggedOut_AmilFreight" time="0.0" classname="zUsed_Classes.AMF002TC_Post2OpenLoad"/>
  <testcase name="LoggedIn_AmilFreight" time="9.314" classname="aAA_ShipmentFullFlow.TC101_Post_2_Completed"/>
  <testcase name="Navigation_AmilFreight" time="0.001" classname="aAA_ShipmentFullFlow.TC101_Post_2_Completed"/>
  <testcase name="LoggedIn_AmilFreight" time="9.271" classname="aaaa_Shipper.MenuNavigator_TestCase"/>
  <testcase name="Navigation_AmilFreight" time="45.145" classname="aaaa_Shipper.MenuNavigator_TestCase">
    <failure type="org.openqa.selenium.NoSuchElementException" message="no such element: Unable to locate element: {&amp;quot;method&amp;quot;:&amp;quot;xpath&amp;quot;,&amp;quot;selector&amp;quot;:&amp;quot;//*[@id=&amp;apos;textsearch&amp;apos;]&amp;quot;}
  (Session info: chrome=79.0.3945.130)
  (Driver info: chromedriver=78.0.3904.105 (60e2d8774a8151efa6a00b1f358371b1e0e07ee2-refs/branch-heads/3904@{#877}),platform=Windows NT 10.0.17763 x86_64) (WARNING: The server did not provide any stacktrace information)
Command duration or timeout: 45.13 seconds
For documentation on this error, please visit: http://seleniumhq.org/exceptions/no_such_element.html
Build info: version: &amp;apos;2.45.0&amp;apos;, revision: &amp;apos;5017cb8e7ca8e37638dc3091b2440b90a1d8686f&amp;apos;, time: &amp;apos;2015-02-27 09:10:26&amp;apos;
System info: host: &amp;apos;S-23&amp;apos;, ip: &amp;apos;192.168.1.157&amp;apos;, os.name: &amp;apos;Windows 10&amp;apos;, os.arch: &amp;apos;amd64&amp;apos;, os.version: &amp;apos;10.0&amp;apos;, java.version: &amp;apos;1.8.0_181&amp;apos;
Driver info: org.openqa.selenium.chrome.ChromeDriver
Capabilities [{mobileEmulationEnabled=false, timeouts={implicit=0, pageLoad=300000, script=30000}, hasTouchScreen=false, platform=XP, acceptSslCerts=false, goog:chromeOptions={debuggerAddress=localhost:50976}, acceptInsecureCerts=false, webStorageEnabled=true, browserName=chrome, takesScreenshot=true, javascriptEnabled=true, setWindowRect=true, unexpectedAlertBehaviour=ignore, applicationCacheEnabled=false, rotatable=false, networkConnectionEnabled=false, chrome={chromedriverVersion=78.0.3904.105 (60e2d8774a8151efa6a00b1f358371b1e0e07ee2-refs/branch-heads/3904@{#877}), userDataDir=C:\Users\User\AppData\Local\Temp\scoped_dir10772_219389194}, takesHeapSnapshot=true, pageLoadStrategy=normal, strictFileInteractability=false, databaseEnabled=false, handlesAlerts=true, version=79.0.3945.130, browserConnectionEnabled=false, proxy={}, nativeEvents=true, locationContextEnabled=true, cssSelectorsEnabled=true}]
Session ID: e8af9b8d6e4b5b6197bb832ecf1468f6
*** Element info: {Using=xpath, value=//*[@id=&amp;apos;textsearch&amp;apos;]}">
      <![CDATA[org.openqa.selenium.NoSuchElementException: no such element: Unable to locate element: {"method":"xpath","selector":"//*[@id='textsearch']"}
  (Session info: chrome=79.0.3945.130)
  (Driver info: chromedriver=78.0.3904.105 (60e2d8774a8151efa6a00b1f358371b1e0e07ee2-refs/branch-heads/3904@{#877}),platform=Windows NT 10.0.17763 x86_64) (WARNING: The server did not provide any stacktrace information)
Command duration or timeout: 45.13 seconds
For documentation on this error, please visit: http://seleniumhq.org/exceptions/no_such_element.html
Build info: version: '2.45.0', revision: '5017cb8e7ca8e37638dc3091b2440b90a1d8686f', time: '2015-02-27 09:10:26'
System info: host: 'S-23', ip: '192.168.1.157', os.name: 'Windows 10', os.arch: 'amd64', os.version: '10.0', java.version: '1.8.0_181'
Driver info: org.openqa.selenium.chrome.ChromeDriver
Capabilities [{mobileEmulationEnabled=false, timeouts={implicit=0, pageLoad=300000, script=30000}, hasTouchScreen=false, platform=XP, acceptSslCerts=false, goog:chromeOptions={debuggerAddress=localhost:50976}, acceptInsecureCerts=false, webStorageEnabled=true, browserName=chrome, takesScreenshot=true, javascriptEnabled=true, setWindowRect=true, unexpectedAlertBehaviour=ignore, applicationCacheEnabled=false, rotatable=false, networkConnectionEnabled=false, chrome={chromedriverVersion=78.0.3904.105 (60e2d8774a8151efa6a00b1f358371b1e0e07ee2-refs/branch-heads/3904@{#877}), userDataDir=C:\Users\User\AppData\Local\Temp\scoped_dir10772_219389194}, takesHeapSnapshot=true, pageLoadStrategy=normal, strictFileInteractability=false, databaseEnabled=false, handlesAlerts=true, version=79.0.3945.130, browserConnectionEnabled=false, proxy={}, nativeEvents=true, locationContextEnabled=true, cssSelectorsEnabled=true}]
Session ID: e8af9b8d6e4b5b6197bb832ecf1468f6
*** Element info: {Using=xpath, value=//*[@id='textsearch']}
at org.openqa.selenium.remote.ErrorHandler.createThrowable(ErrorHandler.java:204)
at org.openqa.selenium.remote.ErrorHandler.throwIfResponseFailed(ErrorHandler.java:156)
at org.openqa.selenium.remote.RemoteWebDriver.execute(RemoteWebDriver.java:599)
at org.openqa.selenium.remote.RemoteWebDriver.findElement(RemoteWebDriver.java:352)
at org.openqa.selenium.remote.RemoteWebDriver.findElementByXPath(RemoteWebDriver.java:449)
at org.openqa.selenium.By$ByXPath.findElement(By.java:357)
at org.openqa.selenium.remote.RemoteWebDriver.findElement(RemoteWebDriver.java:344)
at locators_Amil.Carrier_LoadBoardLocators.Search_ShipmentId(Carrier_LoadBoardLocators.java:20)
at aaaa_Shipper.Carrier_LoadBoard.Carrier_LoadBoard2(Carrier_LoadBoard.java:21)
at aaaa_Shipper.MenuNavigator_TestCase.Navigation_AmilFreight(MenuNavigator_TestCase.java:42)
at java.util.ArrayList.forEach(ArrayList.java:1257)
... Removed 31 stack frames]]>
    </failure>
  </testcase> <!-- Navigation_AmilFreight -->
  <testcase name="LoggedIn_AmilFreight" time="9.24" classname="aaui_Operations.MenuNavigator_TestCase"/>
  <testcase name="Navigation_AmilFreight" time="0.002" classname="aaui_Operations.MenuNavigator_TestCase"/>
  <testcase name="LoggedIn_AmilFreight" time="9.161" classname="accounts_Module.Template_TestCase"/>
  <testcase name="LoggedOut_AmilFreight" time="36.857" classname="accounts_Module.Template_TestCase"/>
  <testcase name="LoggedIn_AmilFreight" time="9.103" classname="blackList_Reason.Duplicate_ShipmentTC"/>
  <testcase name="Navigation_AmilFreight" time="0.002" classname="blackList_Reason.Duplicate_ShipmentTC"/>
</testsuite> <!-- Test -->
