<html xmlns:math="http://exslt.org/math" xmlns:testng="http://testng.org">
   <head>
      <title>TestNG Results</title>
      <meta http-equiv="content-type" content="text/html; charset=utf-8"></meta>
      <meta http-equiv="pragma" content="no-cache"></meta>
      <meta http-equiv="cache-control" content="max-age=0"></meta>
      <meta http-equiv="cache-control" content="no-cache"></meta>
      <meta http-equiv="cache-control" content="no-store"></meta>
      <LINK rel="stylesheet" href="style.css"></LINK>
      <script type="text/javascript" src="main.js"></script>
   </head>
   <body>
      <table width="100%" style="font-size: 16px; margin-bottom: 10px;" cellspacing="1">
         <tr>
            <td width="100%">
               All methods in suite
               
               <b>Default suite</b>
            </td>
            <td style="background-color: #FFBBBB; padding: 3px 3px 3px 0;" align="center">
               <div style="width: 50px;">1</div>
            </td>
            <td style="background-color: lightgreen; padding: 3px 3px 3px 0;" align="center">
               <div style="width: 50px;">4</div>
            </td>
            <td style="background-color: #FFFFBB; padding: 3px 3px 3px 0;" align="center">
               <div style="width: 50px;">0</div>
            </td>
            <td align="center" style="background-color: #eaf0f7; padding: 3px 3px 3px 0;">
               <div style="width: 50px;">5</div>
            </td>
            <td align="center"
                style="font-weight: bold; background-color: #eaf0f7; padding: 3px 3px 3px 0;">
               <div style="width: 50px;">80%</div>
            </td>
            <td style="background-color: #eaf0f7; padding: 3px 3px 3px 0;" align="center"
                nowrap="true">5m
               6s
               
            </td>
         </tr>
      </table>
      <div style="width: 200px;">
         <label for="groupMethodsCheckBox" style="font-weight: bold; margin: 0;">
            <input id="groupMethodsCheckBox" type="checkbox" onclick="switchTestMethodsView(this)"
                   checked=""></input>
            Group by class
            
         </label>
         <br></br>
         <label for="methodsFilter_ALL" style="font-weight: bold; margin: 0;">
            <input id="methodsFilter_ALL" type="checkbox"
                   onclick="testMethodsFilterChanged(this, 'ALL')"
                   checked=""></input>
            All
            
         </label>
      </div>
      <label for="methodsFilter_FAIL" style="margin-left: 20px;">
         <input id="methodsFilter_FAIL" type="checkbox"
                onclick="testMethodsFilterChanged(this, 'FAIL')"
                checked=""></input>
         Failed
         
      </label>
      <label for="methodsFilter_PASS">
         <input id="methodsFilter_PASS" type="checkbox"
                onclick="testMethodsFilterChanged(this, 'PASS')"
                checked=""></input>
         Passed
         
      </label>
      <label for="methodsFilter_SKIP">
         <input id="methodsFilter_SKIP" type="checkbox"
                onclick="testMethodsFilterChanged(this, 'SKIP')"
                checked=""></input>
         Skipped
         
      </label>
      <label for="methodsFilter_CONF">
         <input id="methodsFilter_CONF" type="checkbox"
                onclick="testMethodsFilterChanged(this, 'CONF')"
                checked=""></input>
         Config
         
      </label>
      <br></br>
      <div id="testMethodsByStatus" style="display: none;">
         <table class="testMethodsTable" cellpadding="0" cellspacing="0">
            <tr class="methodsTableHeader">
               <td width="100%">Name</td>
               <td nowrap="true">Started</td>
               <td nowrap="true">Duration</td>
               <td>Exception</td>
            </tr>
            <tr id="QuoteMail_SelAllVerify.QuoteMail_TestCase_MailQuote_AmountVerify_byStatus_failed_FAIL1_row"
                class="testMethodStatusFAIL">
               <td width="100%" class="firstMethodCell">
                  <a onclick="toggleDetailsVisibility('QuoteMail_SelAllVerify.QuoteMail_TestCase_MailQuote_AmountVerify_byStatus_failed_FAIL1_details')">MailQuote_AmountVerify()</a>
               </td>
               <td nowrap="true">17:55:19</td>
               <td nowrap="true" align="right">59s
                  
               </td>
               <td nowrap="true">
                  <a onclick="toggleDetailsVisibility('QuoteMail_SelAllVerify.QuoteMail_TestCase_MailQuote_AmountVerify_byStatus_failed_FAIL1_exception')">org.openqa.selenium.WebDriverException: 
                     element not interactable
                     (Session info: chrome=78.0.3904.108)
                     (Driver info: chromedriver=78.0.3904.70 (edb9c9f3de0247fd912a77b7f6cae7447f6d3ad5-refs/branch-heads/3904@{#800}),platform=Windows
                     NT 10.0.17763 x86_64) (WARNING: The server did not provide any stacktrace information)
                     Command duration or timeout: 45.11 seconds
                     Build info: version: '2.45.0', revision: '5017cb8e7ca8e37638dc3091b2440b90a1d8686f', time: '2015-02-27 09:10:26'
                     System info: host: 'S-23', ip: '192.168.1.157', os.name: 'Windows 10', os.arch: 'amd64', os.version: '10.0', java.version:
                     '1.8.0_181'
                     Driver info: org.openqa.selenium.chrome.ChromeDriver
                     Capabilities [{mobileEmulationEnabled=false, timeouts={implicit=0, pageLoad=300000, script=30000}, hasTouchScreen=false, platform=XP,
                     acceptSslCerts=false, goog:chromeOptions={debuggerAddress=localhost:51374}, acceptInsecureCerts=false, webStorageEnabled=true,
                     browserName=chrome, takesScreenshot=true, javascriptEnabled=true, setWindowRect=true, unexpectedAlertBehaviour=ignore, applicationCacheEnabled=false,
                     rotatable=false, networkConnectionEnabled=false, chrome={chromedriverVersion=78.0.3904.70 (edb9c9f3de0247fd912a77b7f6cae7447f6d3ad5-refs/branch-heads/3904@{#800}),
                     userDataDir=C:\Users\User\AppData\Local\Temp\scoped_dir13836_766795682}, takesHeapSnapshot=true, pageLoadStrategy=normal,
                     strictFileInteractability=false, databaseEnabled=false, handlesAlerts=true, version=78.0.3904.108, browserConnectionEnabled=false,
                     proxy={}, nativeEvents=true, locationContextEnabled=true, cssSelectorsEnabled=true}]
                     Session ID: 87ab73bc61cc7e0bc08062d3e8160bf3
                     
                  </a>
                   
                  
               </td>
            </tr>
            <tr>
               <td colspan="4" class="detailsBox">
                  <div id="QuoteMail_SelAllVerify.QuoteMail_TestCase_MailQuote_AmountVerify_byStatus_failed_FAIL1_details"
                       class="testMethodDetails">
                     <div>
                        <b>Name: </b>MailQuote_AmountVerify
                     </div>
                     <div>
                        <b>Signature: </b>MailQuote_AmountVerify()[pri:4, instance:QuoteMail_SelAllVerify.QuoteMail_TestCase@23a5fd2]
                     </div>
                     <div>
                        <b>Start time: </b>17:55:19
                     </div>
                     <div>
                        <b>End time: </b>17:56:19
                     </div>
                     <div>
                        <b>Duration: </b>59s
                        
                     </div>
                  </div>
               </td>
            </tr>
            <tr>
               <td colspan="4" class="detailsBox">
                  <div id="QuoteMail_SelAllVerify.QuoteMail_TestCase_MailQuote_AmountVerify_byStatus_failed_FAIL1_exception"
                       class="testMethodDetails">
                     <pre style="padding: 5px; margin: 0;">org.openqa.selenium.WebDriverException: element not interactable
                        (Session info: chrome=78.0.3904.108)
                        (Driver info: chromedriver=78.0.3904.70 (edb9c9f3de0247fd912a77b7f6cae7447f6d3ad5-refs/branch-heads/3904@{#800}),platform=Windows
                        NT 10.0.17763 x86_64) (WARNING: The server did not provide any stacktrace information)
                        Command duration or timeout: 45.11 seconds
                        Build info: version: '2.45.0', revision: '5017cb8e7ca8e37638dc3091b2440b90a1d8686f', time: '2015-02-27 09:10:26'
                        System info: host: 'S-23', ip: '192.168.1.157', os.name: 'Windows 10', os.arch: 'amd64', os.version: '10.0', java.version:
                        '1.8.0_181'
                        Driver info: org.openqa.selenium.chrome.ChromeDriver
                        Capabilities [{mobileEmulationEnabled=false, timeouts={implicit=0, pageLoad=300000, script=30000}, hasTouchScreen=false, platform=XP,
                        acceptSslCerts=false, goog:chromeOptions={debuggerAddress=localhost:51374}, acceptInsecureCerts=false, webStorageEnabled=true,
                        browserName=chrome, takesScreenshot=true, javascriptEnabled=true, setWindowRect=true, unexpectedAlertBehaviour=ignore, applicationCacheEnabled=false,
                        rotatable=false, networkConnectionEnabled=false, chrome={chromedriverVersion=78.0.3904.70 (edb9c9f3de0247fd912a77b7f6cae7447f6d3ad5-refs/branch-heads/3904@{#800}),
                        userDataDir=C:\Users\User\AppData\Local\Temp\scoped_dir13836_766795682}, takesHeapSnapshot=true, pageLoadStrategy=normal,
                        strictFileInteractability=false, databaseEnabled=false, handlesAlerts=true, version=78.0.3904.108, browserConnectionEnabled=false,
                        proxy={}, nativeEvents=true, locationContextEnabled=true, cssSelectorsEnabled=true}]
                        Session ID: 87ab73bc61cc7e0bc08062d3e8160bf3
                        at sun.reflect.NativeConstructorAccessorImpl.newInstance0(Native Method)
                        at sun.reflect.NativeConstructorAccessorImpl.newInstance(NativeConstructorAccessorImpl.java:62)
                        at sun.reflect.DelegatingConstructorAccessorImpl.newInstance(DelegatingConstructorAccessorImpl.java:45)
                        at java.lang.reflect.Constructor.newInstance(Constructor.java:423)
                        at org.openqa.selenium.remote.ErrorHandler.createThrowable(ErrorHandler.java:204)
                        at org.openqa.selenium.remote.ErrorHandler.throwIfResponseFailed(ErrorHandler.java:156)
                        at org.openqa.selenium.remote.RemoteWebDriver.execute(RemoteWebDriver.java:599)
                        at org.openqa.selenium.remote.RemoteWebElement.execute(RemoteWebElement.java:268)
                        at org.openqa.selenium.remote.RemoteWebElement.sendKeys(RemoteWebElement.java:89)
                        at utility_Files.Utils.QuoteAmount_Submission(Utils.java:147)
                        at QuoteMail_SelAllVerify.Quote_EmailAmount.Verification(Quote_EmailAmount.java:83)
                        at QuoteMail_SelAllVerify.QuoteMail_TestCase.MailQuote_AmountVerify(QuoteMail_TestCase.java:63)
                        at sun.reflect.NativeMethodAccessorImpl.invoke0(Native Method)
                        at sun.reflect.NativeMethodAccessorImpl.invoke(NativeMethodAccessorImpl.java:62)
                        at sun.reflect.DelegatingMethodAccessorImpl.invoke(DelegatingMethodAccessorImpl.java:43)
                        at java.lang.reflect.Method.invoke(Method.java:498)
                        at org.testng.internal.MethodInvocationHelper.invokeMethod(MethodInvocationHelper.java:133)
                        at org.testng.internal.TestInvoker.invokeMethod(TestInvoker.java:584)
                        at org.testng.internal.TestInvoker.invokeTestMethod(TestInvoker.java:172)
                        at org.testng.internal.MethodRunner.runInSequence(MethodRunner.java:46)
                        at org.testng.internal.TestInvoker$MethodInvocationAgent.invoke(TestInvoker.java:804)
                        at org.testng.internal.TestInvoker.invokeTestMethods(TestInvoker.java:145)
                        at org.testng.internal.TestMethodWorker.invokeTestMethods(TestMethodWorker.java:146)
                        at org.testng.internal.TestMethodWorker.run(TestMethodWorker.java:128)
                        at java.util.ArrayList.forEach(ArrayList.java:1257)
                        at org.testng.TestRunner.privateRun(TestRunner.java:770)
                        at org.testng.TestRunner.run(TestRunner.java:591)
                        at org.testng.SuiteRunner.runTest(SuiteRunner.java:402)
                        at org.testng.SuiteRunner.runSequentially(SuiteRunner.java:396)
                        at org.testng.SuiteRunner.privateRun(SuiteRunner.java:355)
                        at org.testng.SuiteRunner.run(SuiteRunner.java:304)
                        at org.testng.SuiteRunnerWorker.runSuite(SuiteRunnerWorker.java:53)
                        at org.testng.SuiteRunnerWorker.run(SuiteRunnerWorker.java:96)
                        at org.testng.TestNG.runSuitesSequentially(TestNG.java:1180)
                        at org.testng.TestNG.runSuitesLocally(TestNG.java:1102)
                        at org.testng.TestNG.runSuites(TestNG.java:1032)
                        at org.testng.TestNG.run(TestNG.java:1000)
                        at org.testng.remote.AbstractRemoteTestNG.run(AbstractRemoteTestNG.java:115)
                        at org.testng.remote.RemoteTestNG.initAndRun(RemoteTestNG.java:251)
                        at org.testng.remote.RemoteTestNG.main(RemoteTestNG.java:77)
                     </pre>
                  </div>
               </td>
            </tr>
            <tr id="QuoteMail_SelAllVerify.QuoteMail_TestCase_Initializing_BrowserAmilFreight_byStatus_passed_PASS1_row"
                class="testMethodStatusPASS testMethodStatusCONF">
               <td width="100%" class="firstMethodCell">
                  <a onclick="toggleDetailsVisibility('QuoteMail_SelAllVerify.QuoteMail_TestCase_Initializing_BrowserAmilFreight_byStatus_passed_PASS1_details')">Initializing_BrowserAmilFreight()</a>
               </td>
               <td nowrap="true">17:51:12</td>
               <td nowrap="true" align="right">12s
                  
               </td>
               <td nowrap="true">
                   
                  
               </td>
            </tr>
            <tr>
               <td colspan="4" class="detailsBox">
                  <div id="QuoteMail_SelAllVerify.QuoteMail_TestCase_Initializing_BrowserAmilFreight_byStatus_passed_PASS1_details"
                       class="testMethodDetails">
                     <div>
                        <b>Name: </b>Initializing_BrowserAmilFreight
                     </div>
                     <div>
                        <b>Signature: </b>Initializing_BrowserAmilFreight()[pri:0, instance:QuoteMail_SelAllVerify.QuoteMail_TestCase@23a5fd2]
                     </div>
                     <div>
                        <b>Start time: </b>17:51:12
                     </div>
                     <div>
                        <b>End time: </b>17:51:25
                     </div>
                     <div>
                        <b>Duration: </b>12s
                        
                     </div>
                  </div>
               </td>
            </tr>
            <tr></tr>
            <tr id="QuoteMail_SelAllVerify.QuoteMail_TestCase_LoggedIn_AmilFreight_byStatus_passed_PASS2_row"
                class="testMethodStatusPASS">
               <td width="100%" class="firstMethodCell">
                  <a onclick="toggleDetailsVisibility('QuoteMail_SelAllVerify.QuoteMail_TestCase_LoggedIn_AmilFreight_byStatus_passed_PASS2_details')">LoggedIn_AmilFreight()</a>
               </td>
               <td nowrap="true">17:51:25</td>
               <td nowrap="true" align="right">2s
                  
               </td>
               <td nowrap="true">
                   
                  
               </td>
            </tr>
            <tr>
               <td colspan="4" class="detailsBox">
                  <div id="QuoteMail_SelAllVerify.QuoteMail_TestCase_LoggedIn_AmilFreight_byStatus_passed_PASS2_details"
                       class="testMethodDetails">
                     <div>
                        <b>Name: </b>LoggedIn_AmilFreight
                     </div>
                     <div>
                        <b>Signature: </b>LoggedIn_AmilFreight()[pri:1, instance:QuoteMail_SelAllVerify.QuoteMail_TestCase@23a5fd2]
                     </div>
                     <div>
                        <b>Start time: </b>17:51:25
                     </div>
                     <div>
                        <b>End time: </b>17:51:27
                     </div>
                     <div>
                        <b>Duration: </b>2s
                        
                     </div>
                  </div>
               </td>
            </tr>
            <tr></tr>
            <tr id="QuoteMail_SelAllVerify.QuoteMail_TestCase_PostLoad_toOpenStatus_byStatus_passed_PASS3_row"
                class="testMethodStatusPASS">
               <td width="100%" class="firstMethodCell">
                  <a onclick="toggleDetailsVisibility('QuoteMail_SelAllVerify.QuoteMail_TestCase_PostLoad_toOpenStatus_byStatus_passed_PASS3_details')">PostLoad_toOpenStatus()</a>
               </td>
               <td nowrap="true">17:51:27</td>
               <td nowrap="true" align="right">1m
                  48s
                  
               </td>
               <td nowrap="true">
                   
                  
               </td>
            </tr>
            <tr>
               <td colspan="4" class="detailsBox">
                  <div id="QuoteMail_SelAllVerify.QuoteMail_TestCase_PostLoad_toOpenStatus_byStatus_passed_PASS3_details"
                       class="testMethodDetails">
                     <div>
                        <b>Name: </b>PostLoad_toOpenStatus
                     </div>
                     <div>
                        <b>Signature: </b>PostLoad_toOpenStatus()[pri:2, instance:QuoteMail_SelAllVerify.QuoteMail_TestCase@23a5fd2]
                     </div>
                     <div>
                        <b>Start time: </b>17:51:27
                     </div>
                     <div>
                        <b>End time: </b>17:53:15
                     </div>
                     <div>
                        <b>Duration: </b>1m
                        48s
                        
                     </div>
                  </div>
               </td>
            </tr>
            <tr></tr>
            <tr id="QuoteMail_SelAllVerify.QuoteMail_TestCase_EmailReceipent_List_byStatus_passed_PASS4_row"
                class="testMethodStatusPASS">
               <td width="100%" class="firstMethodCell">
                  <a onclick="toggleDetailsVisibility('QuoteMail_SelAllVerify.QuoteMail_TestCase_EmailReceipent_List_byStatus_passed_PASS4_details')">EmailReceipent_List()</a>
               </td>
               <td nowrap="true">17:53:15</td>
               <td nowrap="true" align="right">2m
                  3s
                  
               </td>
               <td nowrap="true">
                   
                  
               </td>
            </tr>
            <tr>
               <td colspan="4" class="detailsBox">
                  <div id="QuoteMail_SelAllVerify.QuoteMail_TestCase_EmailReceipent_List_byStatus_passed_PASS4_details"
                       class="testMethodDetails">
                     <div>
                        <b>Name: </b>EmailReceipent_List
                     </div>
                     <div>
                        <b>Signature: </b>EmailReceipent_List()[pri:3, instance:QuoteMail_SelAllVerify.QuoteMail_TestCase@23a5fd2]
                     </div>
                     <div>
                        <b>Start time: </b>17:53:15
                     </div>
                     <div>
                        <b>End time: </b>17:55:19
                     </div>
                     <div>
                        <b>Duration: </b>2m
                        3s
                        
                     </div>
                  </div>
               </td>
            </tr>
            <tr></tr>
            <tr id="QuoteMail_SelAllVerify.QuoteMail_TestCase_LoggedOut_AmilFreight_byStatus_passed_PASS5_row"
                class="testMethodStatusPASS">
               <td width="100%" class="firstMethodCell">
                  <a onclick="toggleDetailsVisibility('QuoteMail_SelAllVerify.QuoteMail_TestCase_LoggedOut_AmilFreight_byStatus_passed_PASS5_details')">LoggedOut_AmilFreight()</a>
               </td>
               <td nowrap="true">17:56:19</td>
               <td nowrap="true" align="right">1 ms
                  
               </td>
               <td nowrap="true">
                   
                  
               </td>
            </tr>
            <tr>
               <td colspan="4" class="detailsBox">
                  <div id="QuoteMail_SelAllVerify.QuoteMail_TestCase_LoggedOut_AmilFreight_byStatus_passed_PASS5_details"
                       class="testMethodDetails">
                     <div>
                        <b>Name: </b>LoggedOut_AmilFreight
                     </div>
                     <div>
                        <b>Signature: </b>LoggedOut_AmilFreight()[pri:5, instance:QuoteMail_SelAllVerify.QuoteMail_TestCase@23a5fd2]
                     </div>
                     <div>
                        <b>Start time: </b>17:56:19
                     </div>
                     <div>
                        <b>End time: </b>17:56:19
                     </div>
                     <div>
                        <b>Duration: </b>1 ms
                        
                     </div>
                  </div>
               </td>
            </tr>
            <tr></tr>
         </table>
      </div>
      <div id="testMethodsByClass">
         <table class="testMethodsTable" cellpadding="0" cellspacing="0">
            <tr>
               <td colspan="4">
                  <h3 style="display: inline;">QuoteMail_SelAllVerify.QuoteMail_TestCase</h3>
               </td>
            </tr>
            <tr class="methodsTableHeader">
               <td width="100%">Name</td>
               <td nowrap="true">Started</td>
               <td nowrap="true">Duration</td>
               <td>Exception</td>
            </tr>
            <tr id="QuoteMail_SelAllVerify.QuoteMail_TestCase_Initializing_BrowserAmilFreight_byClass_PASS1_row"
                class="testMethodStatusPASS testMethodStatusCONF">
               <td width="100%" class="firstMethodCell">
                  <a onclick="toggleDetailsVisibility('QuoteMail_SelAllVerify.QuoteMail_TestCase_Initializing_BrowserAmilFreight_byClass_PASS1_details')">Initializing_BrowserAmilFreight()</a>
               </td>
               <td nowrap="true">17:51:12</td>
               <td nowrap="true" align="right">12s
                  
               </td>
               <td nowrap="true">
                   
                  
               </td>
            </tr>
            <tr>
               <td colspan="4" class="detailsBox">
                  <div id="QuoteMail_SelAllVerify.QuoteMail_TestCase_Initializing_BrowserAmilFreight_byClass_PASS1_details"
                       class="testMethodDetails">
                     <div>
                        <b>Name: </b>Initializing_BrowserAmilFreight
                     </div>
                     <div>
                        <b>Signature: </b>Initializing_BrowserAmilFreight()[pri:0, instance:QuoteMail_SelAllVerify.QuoteMail_TestCase@23a5fd2]
                     </div>
                     <div>
                        <b>Start time: </b>17:51:12
                     </div>
                     <div>
                        <b>End time: </b>17:51:25
                     </div>
                     <div>
                        <b>Duration: </b>12s
                        
                     </div>
                  </div>
               </td>
            </tr>
            <tr></tr>
            <tr id="QuoteMail_SelAllVerify.QuoteMail_TestCase_LoggedIn_AmilFreight_byClass_PASS2_row"
                class="testMethodStatusPASS">
               <td width="100%" class="firstMethodCell">
                  <a onclick="toggleDetailsVisibility('QuoteMail_SelAllVerify.QuoteMail_TestCase_LoggedIn_AmilFreight_byClass_PASS2_details')">LoggedIn_AmilFreight()</a>
               </td>
               <td nowrap="true">17:51:25</td>
               <td nowrap="true" align="right">2s
                  
               </td>
               <td nowrap="true">
                   
                  
               </td>
            </tr>
            <tr>
               <td colspan="4" class="detailsBox">
                  <div id="QuoteMail_SelAllVerify.QuoteMail_TestCase_LoggedIn_AmilFreight_byClass_PASS2_details"
                       class="testMethodDetails">
                     <div>
                        <b>Name: </b>LoggedIn_AmilFreight
                     </div>
                     <div>
                        <b>Signature: </b>LoggedIn_AmilFreight()[pri:1, instance:QuoteMail_SelAllVerify.QuoteMail_TestCase@23a5fd2]
                     </div>
                     <div>
                        <b>Start time: </b>17:51:25
                     </div>
                     <div>
                        <b>End time: </b>17:51:27
                     </div>
                     <div>
                        <b>Duration: </b>2s
                        
                     </div>
                  </div>
               </td>
            </tr>
            <tr></tr>
            <tr id="QuoteMail_SelAllVerify.QuoteMail_TestCase_PostLoad_toOpenStatus_byClass_PASS3_row"
                class="testMethodStatusPASS">
               <td width="100%" class="firstMethodCell">
                  <a onclick="toggleDetailsVisibility('QuoteMail_SelAllVerify.QuoteMail_TestCase_PostLoad_toOpenStatus_byClass_PASS3_details')">PostLoad_toOpenStatus()</a>
               </td>
               <td nowrap="true">17:51:27</td>
               <td nowrap="true" align="right">1m
                  48s
                  
               </td>
               <td nowrap="true">
                   
                  
               </td>
            </tr>
            <tr>
               <td colspan="4" class="detailsBox">
                  <div id="QuoteMail_SelAllVerify.QuoteMail_TestCase_PostLoad_toOpenStatus_byClass_PASS3_details"
                       class="testMethodDetails">
                     <div>
                        <b>Name: </b>PostLoad_toOpenStatus
                     </div>
                     <div>
                        <b>Signature: </b>PostLoad_toOpenStatus()[pri:2, instance:QuoteMail_SelAllVerify.QuoteMail_TestCase@23a5fd2]
                     </div>
                     <div>
                        <b>Start time: </b>17:51:27
                     </div>
                     <div>
                        <b>End time: </b>17:53:15
                     </div>
                     <div>
                        <b>Duration: </b>1m
                        48s
                        
                     </div>
                  </div>
               </td>
            </tr>
            <tr></tr>
            <tr id="QuoteMail_SelAllVerify.QuoteMail_TestCase_EmailReceipent_List_byClass_PASS4_row"
                class="testMethodStatusPASS">
               <td width="100%" class="firstMethodCell">
                  <a onclick="toggleDetailsVisibility('QuoteMail_SelAllVerify.QuoteMail_TestCase_EmailReceipent_List_byClass_PASS4_details')">EmailReceipent_List()</a>
               </td>
               <td nowrap="true">17:53:15</td>
               <td nowrap="true" align="right">2m
                  3s
                  
               </td>
               <td nowrap="true">
                   
                  
               </td>
            </tr>
            <tr>
               <td colspan="4" class="detailsBox">
                  <div id="QuoteMail_SelAllVerify.QuoteMail_TestCase_EmailReceipent_List_byClass_PASS4_details"
                       class="testMethodDetails">
                     <div>
                        <b>Name: </b>EmailReceipent_List
                     </div>
                     <div>
                        <b>Signature: </b>EmailReceipent_List()[pri:3, instance:QuoteMail_SelAllVerify.QuoteMail_TestCase@23a5fd2]
                     </div>
                     <div>
                        <b>Start time: </b>17:53:15
                     </div>
                     <div>
                        <b>End time: </b>17:55:19
                     </div>
                     <div>
                        <b>Duration: </b>2m
                        3s
                        
                     </div>
                  </div>
               </td>
            </tr>
            <tr></tr>
            <tr id="QuoteMail_SelAllVerify.QuoteMail_TestCase_MailQuote_AmountVerify_byClass_FAIL5_row"
                class="testMethodStatusFAIL">
               <td width="100%" class="firstMethodCell">
                  <a onclick="toggleDetailsVisibility('QuoteMail_SelAllVerify.QuoteMail_TestCase_MailQuote_AmountVerify_byClass_FAIL5_details')">MailQuote_AmountVerify()</a>
               </td>
               <td nowrap="true">17:55:19</td>
               <td nowrap="true" align="right">59s
                  
               </td>
               <td nowrap="true">
                  <a onclick="toggleDetailsVisibility('QuoteMail_SelAllVerify.QuoteMail_TestCase_MailQuote_AmountVerify_byClass_FAIL5_exception')">org.openqa.selenium.WebDriverException: 
                     element not interactable
                     (Session info: chrome=78.0.3904.108)
                     (Driver info: chromedriver=78.0.3904.70 (edb9c9f3de0247fd912a77b7f6cae7447f6d3ad5-refs/branch-heads/3904@{#800}),platform=Windows
                     NT 10.0.17763 x86_64) (WARNING: The server did not provide any stacktrace information)
                     Command duration or timeout: 45.11 seconds
                     Build info: version: '2.45.0', revision: '5017cb8e7ca8e37638dc3091b2440b90a1d8686f', time: '2015-02-27 09:10:26'
                     System info: host: 'S-23', ip: '192.168.1.157', os.name: 'Windows 10', os.arch: 'amd64', os.version: '10.0', java.version:
                     '1.8.0_181'
                     Driver info: org.openqa.selenium.chrome.ChromeDriver
                     Capabilities [{mobileEmulationEnabled=false, timeouts={implicit=0, pageLoad=300000, script=30000}, hasTouchScreen=false, platform=XP,
                     acceptSslCerts=false, goog:chromeOptions={debuggerAddress=localhost:51374}, acceptInsecureCerts=false, webStorageEnabled=true,
                     browserName=chrome, takesScreenshot=true, javascriptEnabled=true, setWindowRect=true, unexpectedAlertBehaviour=ignore, applicationCacheEnabled=false,
                     rotatable=false, networkConnectionEnabled=false, chrome={chromedriverVersion=78.0.3904.70 (edb9c9f3de0247fd912a77b7f6cae7447f6d3ad5-refs/branch-heads/3904@{#800}),
                     userDataDir=C:\Users\User\AppData\Local\Temp\scoped_dir13836_766795682}, takesHeapSnapshot=true, pageLoadStrategy=normal,
                     strictFileInteractability=false, databaseEnabled=false, handlesAlerts=true, version=78.0.3904.108, browserConnectionEnabled=false,
                     proxy={}, nativeEvents=true, locationContextEnabled=true, cssSelectorsEnabled=true}]
                     Session ID: 87ab73bc61cc7e0bc08062d3e8160bf3
                     
                  </a>
                   
                  
               </td>
            </tr>
            <tr>
               <td colspan="4" class="detailsBox">
                  <div id="QuoteMail_SelAllVerify.QuoteMail_TestCase_MailQuote_AmountVerify_byClass_FAIL5_details"
                       class="testMethodDetails">
                     <div>
                        <b>Name: </b>MailQuote_AmountVerify
                     </div>
                     <div>
                        <b>Signature: </b>MailQuote_AmountVerify()[pri:4, instance:QuoteMail_SelAllVerify.QuoteMail_TestCase@23a5fd2]
                     </div>
                     <div>
                        <b>Start time: </b>17:55:19
                     </div>
                     <div>
                        <b>End time: </b>17:56:19
                     </div>
                     <div>
                        <b>Duration: </b>59s
                        
                     </div>
                  </div>
               </td>
            </tr>
            <tr>
               <td colspan="4" class="detailsBox">
                  <div id="QuoteMail_SelAllVerify.QuoteMail_TestCase_MailQuote_AmountVerify_byClass_FAIL5_exception"
                       class="testMethodDetails">
                     <pre style="padding: 5px; margin: 0;">org.openqa.selenium.WebDriverException: element not interactable
                        (Session info: chrome=78.0.3904.108)
                        (Driver info: chromedriver=78.0.3904.70 (edb9c9f3de0247fd912a77b7f6cae7447f6d3ad5-refs/branch-heads/3904@{#800}),platform=Windows
                        NT 10.0.17763 x86_64) (WARNING: The server did not provide any stacktrace information)
                        Command duration or timeout: 45.11 seconds
                        Build info: version: '2.45.0', revision: '5017cb8e7ca8e37638dc3091b2440b90a1d8686f', time: '2015-02-27 09:10:26'
                        System info: host: 'S-23', ip: '192.168.1.157', os.name: 'Windows 10', os.arch: 'amd64', os.version: '10.0', java.version:
                        '1.8.0_181'
                        Driver info: org.openqa.selenium.chrome.ChromeDriver
                        Capabilities [{mobileEmulationEnabled=false, timeouts={implicit=0, pageLoad=300000, script=30000}, hasTouchScreen=false, platform=XP,
                        acceptSslCerts=false, goog:chromeOptions={debuggerAddress=localhost:51374}, acceptInsecureCerts=false, webStorageEnabled=true,
                        browserName=chrome, takesScreenshot=true, javascriptEnabled=true, setWindowRect=true, unexpectedAlertBehaviour=ignore, applicationCacheEnabled=false,
                        rotatable=false, networkConnectionEnabled=false, chrome={chromedriverVersion=78.0.3904.70 (edb9c9f3de0247fd912a77b7f6cae7447f6d3ad5-refs/branch-heads/3904@{#800}),
                        userDataDir=C:\Users\User\AppData\Local\Temp\scoped_dir13836_766795682}, takesHeapSnapshot=true, pageLoadStrategy=normal,
                        strictFileInteractability=false, databaseEnabled=false, handlesAlerts=true, version=78.0.3904.108, browserConnectionEnabled=false,
                        proxy={}, nativeEvents=true, locationContextEnabled=true, cssSelectorsEnabled=true}]
                        Session ID: 87ab73bc61cc7e0bc08062d3e8160bf3
                        at sun.reflect.NativeConstructorAccessorImpl.newInstance0(Native Method)
                        at sun.reflect.NativeConstructorAccessorImpl.newInstance(NativeConstructorAccessorImpl.java:62)
                        at sun.reflect.DelegatingConstructorAccessorImpl.newInstance(DelegatingConstructorAccessorImpl.java:45)
                        at java.lang.reflect.Constructor.newInstance(Constructor.java:423)
                        at org.openqa.selenium.remote.ErrorHandler.createThrowable(ErrorHandler.java:204)
                        at org.openqa.selenium.remote.ErrorHandler.throwIfResponseFailed(ErrorHandler.java:156)
                        at org.openqa.selenium.remote.RemoteWebDriver.execute(RemoteWebDriver.java:599)
                        at org.openqa.selenium.remote.RemoteWebElement.execute(RemoteWebElement.java:268)
                        at org.openqa.selenium.remote.RemoteWebElement.sendKeys(RemoteWebElement.java:89)
                        at utility_Files.Utils.QuoteAmount_Submission(Utils.java:147)
                        at QuoteMail_SelAllVerify.Quote_EmailAmount.Verification(Quote_EmailAmount.java:83)
                        at QuoteMail_SelAllVerify.QuoteMail_TestCase.MailQuote_AmountVerify(QuoteMail_TestCase.java:63)
                        at sun.reflect.NativeMethodAccessorImpl.invoke0(Native Method)
                        at sun.reflect.NativeMethodAccessorImpl.invoke(NativeMethodAccessorImpl.java:62)
                        at sun.reflect.DelegatingMethodAccessorImpl.invoke(DelegatingMethodAccessorImpl.java:43)
                        at java.lang.reflect.Method.invoke(Method.java:498)
                        at org.testng.internal.MethodInvocationHelper.invokeMethod(MethodInvocationHelper.java:133)
                        at org.testng.internal.TestInvoker.invokeMethod(TestInvoker.java:584)
                        at org.testng.internal.TestInvoker.invokeTestMethod(TestInvoker.java:172)
                        at org.testng.internal.MethodRunner.runInSequence(MethodRunner.java:46)
                        at org.testng.internal.TestInvoker$MethodInvocationAgent.invoke(TestInvoker.java:804)
                        at org.testng.internal.TestInvoker.invokeTestMethods(TestInvoker.java:145)
                        at org.testng.internal.TestMethodWorker.invokeTestMethods(TestMethodWorker.java:146)
                        at org.testng.internal.TestMethodWorker.run(TestMethodWorker.java:128)
                        at java.util.ArrayList.forEach(ArrayList.java:1257)
                        at org.testng.TestRunner.privateRun(TestRunner.java:770)
                        at org.testng.TestRunner.run(TestRunner.java:591)
                        at org.testng.SuiteRunner.runTest(SuiteRunner.java:402)
                        at org.testng.SuiteRunner.runSequentially(SuiteRunner.java:396)
                        at org.testng.SuiteRunner.privateRun(SuiteRunner.java:355)
                        at org.testng.SuiteRunner.run(SuiteRunner.java:304)
                        at org.testng.SuiteRunnerWorker.runSuite(SuiteRunnerWorker.java:53)
                        at org.testng.SuiteRunnerWorker.run(SuiteRunnerWorker.java:96)
                        at org.testng.TestNG.runSuitesSequentially(TestNG.java:1180)
                        at org.testng.TestNG.runSuitesLocally(TestNG.java:1102)
                        at org.testng.TestNG.runSuites(TestNG.java:1032)
                        at org.testng.TestNG.run(TestNG.java:1000)
                        at org.testng.remote.AbstractRemoteTestNG.run(AbstractRemoteTestNG.java:115)
                        at org.testng.remote.RemoteTestNG.initAndRun(RemoteTestNG.java:251)
                        at org.testng.remote.RemoteTestNG.main(RemoteTestNG.java:77)
                     </pre>
                  </div>
               </td>
            </tr>
            <tr id="QuoteMail_SelAllVerify.QuoteMail_TestCase_LoggedOut_AmilFreight_byClass_PASS6_row"
                class="testMethodStatusPASS">
               <td width="100%" class="firstMethodCell">
                  <a onclick="toggleDetailsVisibility('QuoteMail_SelAllVerify.QuoteMail_TestCase_LoggedOut_AmilFreight_byClass_PASS6_details')">LoggedOut_AmilFreight()</a>
               </td>
               <td nowrap="true">17:56:19</td>
               <td nowrap="true" align="right">1 ms
                  
               </td>
               <td nowrap="true">
                   
                  
               </td>
            </tr>
            <tr>
               <td colspan="4" class="detailsBox">
                  <div id="QuoteMail_SelAllVerify.QuoteMail_TestCase_LoggedOut_AmilFreight_byClass_PASS6_details"
                       class="testMethodDetails">
                     <div>
                        <b>Name: </b>LoggedOut_AmilFreight
                     </div>
                     <div>
                        <b>Signature: </b>LoggedOut_AmilFreight()[pri:5, instance:QuoteMail_SelAllVerify.QuoteMail_TestCase@23a5fd2]
                     </div>
                     <div>
                        <b>Start time: </b>17:56:19
                     </div>
                     <div>
                        <b>End time: </b>17:56:19
                     </div>
                     <div>
                        <b>Duration: </b>1 ms
                        
                     </div>
                  </div>
               </td>
            </tr>
            <tr></tr>
         </table>
         <br></br>
      </div>
      <div style="margin-top: 15px; color: gray; text-align: center; font-size: 9px;">
         Generated with
         
         <a href="http://code.google.com/p/testng-xslt/" style="color: #8888aa;"
            target="_blank">
            TestNG XSLT
            
         </a>
      </div>
   </body>
</html>