<?xml version="1.0" encoding="UTF-8"?>
<!-- Generated by org.testng.reporters.JUnitXMLReporter -->
<testsuite hostname="S-23" ignored="0" name="Default test" tests="2" failures="0" timestamp="2019-10-18T15:28:30 IST" time="104.927" errors="0">
  <testcase name="LoggedIn_AmilFreight" time="8.293" classname="testcases_Amil.AMF000TC_ShipperCRMConcept_3"/>
  <testcase name="ShipperCRM_AmilFreight" time="71.403" classname="testcases_Amil.AMF000TC_ShipperCRMConcept_3"/>
</testsuite> <!-- Default test -->
