<?xml version="1.0" encoding="UTF-8"?>
<testng-results skipped="0" failed="0" ignored="0" total="2" passed="2">
  <reporter-output>
  </reporter-output>
  <suite name="Default suite" duration-ms="38347" started-at="2020-03-03T13:25:37 IST" finished-at="2020-03-03T13:26:16 IST">
    <groups>
    </groups>
    <test name="Default test" duration-ms="38347" started-at="2020-03-03T13:25:37 IST" finished-at="2020-03-03T13:26:16 IST">
      <class name="task_Management.TaskMgmt_TestCase">
        <test-method status="PASS" signature="Initializing_BrowserAmilFreight()[pri:0, instance:task_Management.TaskMgmt_TestCase@61d47554]" name="Initializing_BrowserAmilFreight" is-config="true" duration-ms="17144" started-at="2020-03-03T13:25:37 IST" finished-at="2020-03-03T13:25:54 IST">
          <reporter-output>
          </reporter-output>
        </test-method> <!-- Initializing_BrowserAmilFreight -->
        <test-method status="PASS" signature="LoggedIn_AmilFreight()[pri:1, instance:task_Management.TaskMgmt_TestCase@61d47554]" name="LoggedIn_AmilFreight" duration-ms="10603" started-at="2020-03-03T13:25:54 IST" finished-at="2020-03-03T13:26:05 IST">
          <reporter-output>
          </reporter-output>
        </test-method> <!-- LoggedIn_AmilFreight -->
        <test-method status="PASS" signature="Task_management()[pri:2, instance:task_Management.TaskMgmt_TestCase@61d47554]" name="Task_management" duration-ms="10563" started-at="2020-03-03T13:26:05 IST" finished-at="2020-03-03T13:26:16 IST">
          <reporter-output>
          </reporter-output>
        </test-method> <!-- Task_management -->
      </class> <!-- task_Management.TaskMgmt_TestCase -->
    </test> <!-- Default test -->
  </suite> <!-- Default suite -->
</testng-results>
