<?xml version="1.0" encoding="UTF-8"?>
<testng-results skipped="0" failed="3" ignored="0" total="8" passed="5">
  <reporter-output>
    <line>
      <![CDATA[Login with Admin Username & password - Successful]]>
    </line>
    <line>
      <![CDATA[Logged Out from Amilfreight - Successful]]>
    </line>
  </reporter-output>
  <suite name="Suite" duration-ms="89946" started-at="2020-01-06T19:10:37 IST" finished-at="2020-01-06T19:12:07 IST">
    <groups>
    </groups>
    <test name="Test" duration-ms="89946" started-at="2020-01-06T19:10:37 IST" finished-at="2020-01-06T19:12:07 IST">
      <class name="zUsed_Classes.AMF002TC_Post2OpenLoad">
        <test-method status="PASS" signature="Initializing_BrowserAmilFreight()[pri:0, instance:zUsed_Classes.AMF002TC_Post2OpenLoad@3f200884]" name="Initializing_BrowserAmilFreight" is-config="true" duration-ms="10464" started-at="2020-01-06T19:10:48 IST" finished-at="2020-01-06T19:10:59 IST">
          <reporter-output>
          </reporter-output>
        </test-method> <!-- Initializing_BrowserAmilFreight -->
        <test-method status="PASS" signature="LoggedIn_AmilFreight()[pri:1, instance:zUsed_Classes.AMF002TC_Post2OpenLoad@3f200884]" name="LoggedIn_AmilFreight" duration-ms="1953" started-at="2020-01-06T19:10:59 IST" finished-at="2020-01-06T19:11:01 IST">
          <reporter-output>
            <line>
              <![CDATA[Login with Admin Username & password - Successful]]>
            </line>
          </reporter-output>
        </test-method> <!-- LoggedIn_AmilFreight -->
        <test-method status="FAIL" signature="PostLoad_toOpenStatus()[pri:2, instance:zUsed_Classes.AMF002TC_Post2OpenLoad@3f200884]" name="PostLoad_toOpenStatus" duration-ms="47382" started-at="2020-01-06T19:11:01 IST" finished-at="2020-01-06T19:11:48 IST">
          <exception class="java.lang.Exception">
            <full-stacktrace>
              <![CDATA[java.lang.Exception
at utility_Files.Utils.Instance_NewWindow(Utils.java:95)
at zUsed_Classes.Mail_Recipents.PostLoad_ShipmentGUID(Mail_Recipents.java:159)
at zUsed_Classes.AMF002TC_Post2OpenLoad.PostLoad_toOpenStatus(AMF002TC_Post2OpenLoad.java:47)
at sun.reflect.NativeMethodAccessorImpl.invoke0(Native Method)
at sun.reflect.NativeMethodAccessorImpl.invoke(NativeMethodAccessorImpl.java:62)
at sun.reflect.DelegatingMethodAccessorImpl.invoke(DelegatingMethodAccessorImpl.java:43)
at java.lang.reflect.Method.invoke(Method.java:498)
at org.testng.internal.MethodInvocationHelper.invokeMethod(MethodInvocationHelper.java:133)
at org.testng.internal.TestInvoker.invokeMethod(TestInvoker.java:584)
at org.testng.internal.TestInvoker.invokeTestMethod(TestInvoker.java:172)
at org.testng.internal.MethodRunner.runInSequence(MethodRunner.java:46)
at org.testng.internal.TestInvoker$MethodInvocationAgent.invoke(TestInvoker.java:804)
at org.testng.internal.TestInvoker.invokeTestMethods(TestInvoker.java:145)
at org.testng.internal.TestMethodWorker.invokeTestMethods(TestMethodWorker.java:146)
at org.testng.internal.TestMethodWorker.run(TestMethodWorker.java:128)
at java.util.ArrayList.forEach(ArrayList.java:1257)
at org.testng.TestRunner.privateRun(TestRunner.java:770)
at org.testng.TestRunner.run(TestRunner.java:591)
at org.testng.SuiteRunner.runTest(SuiteRunner.java:402)
at org.testng.SuiteRunner.runSequentially(SuiteRunner.java:396)
at org.testng.SuiteRunner.privateRun(SuiteRunner.java:355)
at org.testng.SuiteRunner.run(SuiteRunner.java:304)
at org.testng.SuiteRunnerWorker.runSuite(SuiteRunnerWorker.java:53)
at org.testng.SuiteRunnerWorker.run(SuiteRunnerWorker.java:96)
at org.testng.TestNG.runSuitesSequentially(TestNG.java:1180)
at org.testng.TestNG.runSuitesLocally(TestNG.java:1102)
at org.testng.TestNG.runSuites(TestNG.java:1032)
at org.testng.TestNG.run(TestNG.java:1000)
at org.testng.remote.AbstractRemoteTestNG.run(AbstractRemoteTestNG.java:115)
at org.testng.remote.RemoteTestNG.initAndRun(RemoteTestNG.java:251)
at org.testng.remote.RemoteTestNG.main(RemoteTestNG.java:77)
]]>
            </full-stacktrace>
          </exception> <!-- java.lang.Exception -->
          <reporter-output>
          </reporter-output>
        </test-method> <!-- PostLoad_toOpenStatus -->
        <test-method status="FAIL" signature="EmailReceipent_List()[pri:3, instance:zUsed_Classes.AMF002TC_Post2OpenLoad@3f200884]" name="EmailReceipent_List" duration-ms="7565" started-at="2020-01-06T19:11:48 IST" finished-at="2020-01-06T19:11:56 IST">
          <exception class="java.lang.Exception">
            <full-stacktrace>
              <![CDATA[java.lang.Exception
at utility_Files.Utils.Instance_NewWindow(Utils.java:95)
at zUsed_Classes.Email_ReceipentsList.Verification(Email_ReceipentsList.java:31)
at zUsed_Classes.AMF002TC_Post2OpenLoad.EmailReceipent_List(AMF002TC_Post2OpenLoad.java:55)
at sun.reflect.NativeMethodAccessorImpl.invoke0(Native Method)
at sun.reflect.NativeMethodAccessorImpl.invoke(NativeMethodAccessorImpl.java:62)
at sun.reflect.DelegatingMethodAccessorImpl.invoke(DelegatingMethodAccessorImpl.java:43)
at java.lang.reflect.Method.invoke(Method.java:498)
at org.testng.internal.MethodInvocationHelper.invokeMethod(MethodInvocationHelper.java:133)
at org.testng.internal.TestInvoker.invokeMethod(TestInvoker.java:584)
at org.testng.internal.TestInvoker.invokeTestMethod(TestInvoker.java:172)
at org.testng.internal.MethodRunner.runInSequence(MethodRunner.java:46)
at org.testng.internal.TestInvoker$MethodInvocationAgent.invoke(TestInvoker.java:804)
at org.testng.internal.TestInvoker.invokeTestMethods(TestInvoker.java:145)
at org.testng.internal.TestMethodWorker.invokeTestMethods(TestMethodWorker.java:146)
at org.testng.internal.TestMethodWorker.run(TestMethodWorker.java:128)
at java.util.ArrayList.forEach(ArrayList.java:1257)
at org.testng.TestRunner.privateRun(TestRunner.java:770)
at org.testng.TestRunner.run(TestRunner.java:591)
at org.testng.SuiteRunner.runTest(SuiteRunner.java:402)
at org.testng.SuiteRunner.runSequentially(SuiteRunner.java:396)
at org.testng.SuiteRunner.privateRun(SuiteRunner.java:355)
at org.testng.SuiteRunner.run(SuiteRunner.java:304)
at org.testng.SuiteRunnerWorker.runSuite(SuiteRunnerWorker.java:53)
at org.testng.SuiteRunnerWorker.run(SuiteRunnerWorker.java:96)
at org.testng.TestNG.runSuitesSequentially(TestNG.java:1180)
at org.testng.TestNG.runSuitesLocally(TestNG.java:1102)
at org.testng.TestNG.runSuites(TestNG.java:1032)
at org.testng.TestNG.run(TestNG.java:1000)
at org.testng.remote.AbstractRemoteTestNG.run(AbstractRemoteTestNG.java:115)
at org.testng.remote.RemoteTestNG.initAndRun(RemoteTestNG.java:251)
at org.testng.remote.RemoteTestNG.main(RemoteTestNG.java:77)
]]>
            </full-stacktrace>
          </exception> <!-- java.lang.Exception -->
          <reporter-output>
          </reporter-output>
        </test-method> <!-- EmailReceipent_List -->
        <test-method status="FAIL" signature="MailQuote_AmountVerify()[pri:4, instance:zUsed_Classes.AMF002TC_Post2OpenLoad@3f200884]" name="MailQuote_AmountVerify" duration-ms="11556" started-at="2020-01-06T19:11:56 IST" finished-at="2020-01-06T19:12:07 IST">
          <exception class="org.openqa.selenium.WebDriverException">
            <message>
              <![CDATA[chrome not reachable
  (Session info: chrome=79.0.3945.88)
  (Driver info: chromedriver=78.0.3904.105 (60e2d8774a8151efa6a00b1f358371b1e0e07ee2-refs/branch-heads/3904@{#877}),platform=Windows NT 10.0.17763 x86_64) (WARNING: The server did not provide any stacktrace information)
Command duration or timeout: 6.05 seconds
Build info: version: '2.45.0', revision: '5017cb8e7ca8e37638dc3091b2440b90a1d8686f', time: '2015-02-27 09:10:26'
System info: host: 'S-23', ip: '192.168.1.157', os.name: 'Windows 10', os.arch: 'amd64', os.version: '10.0', java.version: '1.8.0_181'
Driver info: org.openqa.selenium.chrome.ChromeDriver
Capabilities [{mobileEmulationEnabled=false, timeouts={implicit=0, pageLoad=300000, script=30000}, hasTouchScreen=false, platform=XP, acceptSslCerts=false, goog:chromeOptions={debuggerAddress=localhost:59042}, acceptInsecureCerts=false, webStorageEnabled=true, browserName=chrome, takesScreenshot=true, javascriptEnabled=true, setWindowRect=true, unexpectedAlertBehaviour=ignore, applicationCacheEnabled=false, rotatable=false, networkConnectionEnabled=false, chrome={chromedriverVersion=78.0.3904.105 (60e2d8774a8151efa6a00b1f358371b1e0e07ee2-refs/branch-heads/3904@{#877}), userDataDir=C:\Users\User\AppData\Local\Temp\scoped_dir12240_1890677879}, takesHeapSnapshot=true, pageLoadStrategy=normal, strictFileInteractability=false, databaseEnabled=false, handlesAlerts=true, version=79.0.3945.88, browserConnectionEnabled=false, proxy={}, nativeEvents=true, locationContextEnabled=true, cssSelectorsEnabled=true}]
Session ID: 7666e0fa9395248958d226792c73c1eb
*** Element info: {Using=xpath, value=//*[@id='tabOpen']}]]>
            </message>
            <full-stacktrace>
              <![CDATA[org.openqa.selenium.WebDriverException: chrome not reachable
  (Session info: chrome=79.0.3945.88)
  (Driver info: chromedriver=78.0.3904.105 (60e2d8774a8151efa6a00b1f358371b1e0e07ee2-refs/branch-heads/3904@{#877}),platform=Windows NT 10.0.17763 x86_64) (WARNING: The server did not provide any stacktrace information)
Command duration or timeout: 6.05 seconds
Build info: version: '2.45.0', revision: '5017cb8e7ca8e37638dc3091b2440b90a1d8686f', time: '2015-02-27 09:10:26'
System info: host: 'S-23', ip: '192.168.1.157', os.name: 'Windows 10', os.arch: 'amd64', os.version: '10.0', java.version: '1.8.0_181'
Driver info: org.openqa.selenium.chrome.ChromeDriver
Capabilities [{mobileEmulationEnabled=false, timeouts={implicit=0, pageLoad=300000, script=30000}, hasTouchScreen=false, platform=XP, acceptSslCerts=false, goog:chromeOptions={debuggerAddress=localhost:59042}, acceptInsecureCerts=false, webStorageEnabled=true, browserName=chrome, takesScreenshot=true, javascriptEnabled=true, setWindowRect=true, unexpectedAlertBehaviour=ignore, applicationCacheEnabled=false, rotatable=false, networkConnectionEnabled=false, chrome={chromedriverVersion=78.0.3904.105 (60e2d8774a8151efa6a00b1f358371b1e0e07ee2-refs/branch-heads/3904@{#877}), userDataDir=C:\Users\User\AppData\Local\Temp\scoped_dir12240_1890677879}, takesHeapSnapshot=true, pageLoadStrategy=normal, strictFileInteractability=false, databaseEnabled=false, handlesAlerts=true, version=79.0.3945.88, browserConnectionEnabled=false, proxy={}, nativeEvents=true, locationContextEnabled=true, cssSelectorsEnabled=true}]
Session ID: 7666e0fa9395248958d226792c73c1eb
*** Element info: {Using=xpath, value=//*[@id='tabOpen']}
at sun.reflect.NativeConstructorAccessorImpl.newInstance0(Native Method)
at sun.reflect.NativeConstructorAccessorImpl.newInstance(NativeConstructorAccessorImpl.java:62)
at sun.reflect.DelegatingConstructorAccessorImpl.newInstance(DelegatingConstructorAccessorImpl.java:45)
at java.lang.reflect.Constructor.newInstance(Constructor.java:423)
at org.openqa.selenium.remote.ErrorHandler.createThrowable(ErrorHandler.java:204)
at org.openqa.selenium.remote.ErrorHandler.throwIfResponseFailed(ErrorHandler.java:156)
at org.openqa.selenium.remote.RemoteWebDriver.execute(RemoteWebDriver.java:599)
at org.openqa.selenium.remote.RemoteWebDriver.findElement(RemoteWebDriver.java:352)
at org.openqa.selenium.remote.RemoteWebDriver.findElementByXPath(RemoteWebDriver.java:449)
at org.openqa.selenium.By$ByXPath.findElement(By.java:357)
at org.openqa.selenium.remote.RemoteWebDriver.findElement(RemoteWebDriver.java:344)
at zUsed_Classes.Quote_EmailAmount.Verification(Quote_EmailAmount.java:36)
at zUsed_Classes.AMF002TC_Post2OpenLoad.MailQuote_AmountVerify(AMF002TC_Post2OpenLoad.java:64)
at sun.reflect.NativeMethodAccessorImpl.invoke0(Native Method)
at sun.reflect.NativeMethodAccessorImpl.invoke(NativeMethodAccessorImpl.java:62)
at sun.reflect.DelegatingMethodAccessorImpl.invoke(DelegatingMethodAccessorImpl.java:43)
at java.lang.reflect.Method.invoke(Method.java:498)
at org.testng.internal.MethodInvocationHelper.invokeMethod(MethodInvocationHelper.java:133)
at org.testng.internal.TestInvoker.invokeMethod(TestInvoker.java:584)
at org.testng.internal.TestInvoker.invokeTestMethod(TestInvoker.java:172)
at org.testng.internal.MethodRunner.runInSequence(MethodRunner.java:46)
at org.testng.internal.TestInvoker$MethodInvocationAgent.invoke(TestInvoker.java:804)
at org.testng.internal.TestInvoker.invokeTestMethods(TestInvoker.java:145)
at org.testng.internal.TestMethodWorker.invokeTestMethods(TestMethodWorker.java:146)
at org.testng.internal.TestMethodWorker.run(TestMethodWorker.java:128)
at java.util.ArrayList.forEach(ArrayList.java:1257)
at org.testng.TestRunner.privateRun(TestRunner.java:770)
at org.testng.TestRunner.run(TestRunner.java:591)
at org.testng.SuiteRunner.runTest(SuiteRunner.java:402)
at org.testng.SuiteRunner.runSequentially(SuiteRunner.java:396)
at org.testng.SuiteRunner.privateRun(SuiteRunner.java:355)
at org.testng.SuiteRunner.run(SuiteRunner.java:304)
at org.testng.SuiteRunnerWorker.runSuite(SuiteRunnerWorker.java:53)
at org.testng.SuiteRunnerWorker.run(SuiteRunnerWorker.java:96)
at org.testng.TestNG.runSuitesSequentially(TestNG.java:1180)
at org.testng.TestNG.runSuitesLocally(TestNG.java:1102)
at org.testng.TestNG.runSuites(TestNG.java:1032)
at org.testng.TestNG.run(TestNG.java:1000)
at org.testng.remote.AbstractRemoteTestNG.run(AbstractRemoteTestNG.java:115)
at org.testng.remote.RemoteTestNG.initAndRun(RemoteTestNG.java:251)
at org.testng.remote.RemoteTestNG.main(RemoteTestNG.java:77)
]]>
            </full-stacktrace>
          </exception> <!-- org.openqa.selenium.WebDriverException -->
          <reporter-output>
          </reporter-output>
        </test-method> <!-- MailQuote_AmountVerify -->
        <test-method status="PASS" signature="LoggedOut_AmilFreight()[pri:5, instance:zUsed_Classes.AMF002TC_Post2OpenLoad@3f200884]" name="LoggedOut_AmilFreight" duration-ms="0" started-at="2020-01-06T19:12:07 IST" finished-at="2020-01-06T19:12:07 IST">
          <reporter-output>
            <line>
              <![CDATA[Logged Out from Amilfreight - Successful]]>
            </line>
          </reporter-output>
        </test-method> <!-- LoggedOut_AmilFreight -->
      </class> <!-- zUsed_Classes.AMF002TC_Post2OpenLoad -->
      <class name="load_Board.LoadBoard_TestCase">
        <test-method status="PASS" signature="Initializing_BrowserAmilFreight()[pri:0, instance:load_Board.LoadBoard_TestCase@69b794e2]" name="Initializing_BrowserAmilFreight" is-config="true" duration-ms="10982" started-at="2020-01-06T19:10:37 IST" finished-at="2020-01-06T19:10:48 IST">
          <reporter-output>
          </reporter-output>
        </test-method> <!-- Initializing_BrowserAmilFreight -->
        <test-method status="PASS" signature="Navigation_AmilFreight()[pri:2, instance:load_Board.LoadBoard_TestCase@69b794e2]" name="Navigation_AmilFreight" duration-ms="16" started-at="2020-01-06T19:10:48 IST" finished-at="2020-01-06T19:10:48 IST">
          <reporter-output>
          </reporter-output>
        </test-method> <!-- Navigation_AmilFreight -->
        <test-method status="PASS" signature="LoggedIn_AmilFreight()[pri:1, instance:load_Board.LoadBoard_TestCase@69b794e2]" name="LoggedIn_AmilFreight" duration-ms="0" started-at="2020-01-06T19:10:48 IST" finished-at="2020-01-06T19:10:48 IST">
          <reporter-output>
          </reporter-output>
        </test-method> <!-- LoggedIn_AmilFreight -->
        <test-method status="PASS" signature="LoggedOut_AmilFreight()[pri:3, instance:load_Board.LoadBoard_TestCase@69b794e2]" name="LoggedOut_AmilFreight" duration-ms="0" started-at="2020-01-06T19:10:48 IST" finished-at="2020-01-06T19:10:48 IST">
          <reporter-output>
          </reporter-output>
        </test-method> <!-- LoggedOut_AmilFreight -->
      </class> <!-- load_Board.LoadBoard_TestCase -->
    </test> <!-- Test -->
  </suite> <!-- Suite -->
</testng-results>
